mode: set
github.com/urfave/cli/altsrc/flag_generated.go:19.45,21.2 1 1
github.com/urfave/cli/altsrc/flag_generated.go:25.45,28.2 2 1
github.com/urfave/cli/altsrc/flag_generated.go:32.60,35.2 2 0
github.com/urfave/cli/altsrc/flag_generated.go:45.48,47.2 1 1
github.com/urfave/cli/altsrc/flag_generated.go:51.46,54.2 2 1
github.com/urfave/cli/altsrc/flag_generated.go:58.61,61.2 2 0
github.com/urfave/cli/altsrc/flag_generated.go:71.57,73.2 1 1
github.com/urfave/cli/altsrc/flag_generated.go:77.49,80.2 2 1
github.com/urfave/cli/altsrc/flag_generated.go:84.64,87.2 2 0
github.com/urfave/cli/altsrc/flag_generated.go:97.54,99.2 1 1
github.com/urfave/cli/altsrc/flag_generated.go:103.48,106.2 2 1
github.com/urfave/cli/altsrc/flag_generated.go:110.63,113.2 2 0
github.com/urfave/cli/altsrc/flag_generated.go:123.54,125.2 1 1
github.com/urfave/cli/altsrc/flag_generated.go:129.48,132.2 2 1
github.com/urfave/cli/altsrc/flag_generated.go:136.63,139.2 2 0
github.com/urfave/cli/altsrc/flag_generated.go:149.48,151.2 1 0
github.com/urfave/cli/altsrc/flag_generated.go:155.46,158.2 2 0
github.com/urfave/cli/altsrc/flag_generated.go:162.61,165.2 2 0
github.com/urfave/cli/altsrc/flag_generated.go:175.42,177.2 1 1
github.com/urfave/cli/altsrc/flag_generated.go:181.44,184.2 2 1
github.com/urfave/cli/altsrc/flag_generated.go:188.59,191.2 2 1
github.com/urfave/cli/altsrc/flag_generated.go:201.57,203.2 1 1
github.com/urfave/cli/altsrc/flag_generated.go:207.49,210.2 2 1
github.com/urfave/cli/altsrc/flag_generated.go:214.64,217.2 2 0
github.com/urfave/cli/altsrc/flag_generated.go:227.63,229.2 1 0
github.com/urfave/cli/altsrc/flag_generated.go:233.51,236.2 2 0
github.com/urfave/cli/altsrc/flag_generated.go:240.66,243.2 2 0
github.com/urfave/cli/altsrc/flag_generated.go:253.51,255.2 1 1
github.com/urfave/cli/altsrc/flag_generated.go:259.47,262.2 2 1
github.com/urfave/cli/altsrc/flag_generated.go:266.62,269.2 2 0
github.com/urfave/cli/altsrc/flag_generated.go:279.66,281.2 1 1
github.com/urfave/cli/altsrc/flag_generated.go:285.52,288.2 2 1
github.com/urfave/cli/altsrc/flag_generated.go:292.67,295.2 2 0
github.com/urfave/cli/altsrc/flag_generated.go:305.51,307.2 1 0
github.com/urfave/cli/altsrc/flag_generated.go:311.47,314.2 2 0
github.com/urfave/cli/altsrc/flag_generated.go:318.62,321.2 2 0
github.com/urfave/cli/altsrc/flag_generated.go:331.45,333.2 1 0
github.com/urfave/cli/altsrc/flag_generated.go:337.45,340.2 2 0
github.com/urfave/cli/altsrc/flag_generated.go:344.60,347.2 2 0
github.com/urfave/cli/altsrc/map_input_source.go:21.83,22.61 1 1
github.com/urfave/cli/altsrc/map_input_source.go:39.2,39.19 1 0
github.com/urfave/cli/altsrc/map_input_source.go:22.61,24.54 2 1
github.com/urfave/cli/altsrc/map_input_source.go:35.3,35.53 1 1
github.com/urfave/cli/altsrc/map_input_source.go:24.54,25.39 1 1
github.com/urfave/cli/altsrc/map_input_source.go:25.39,27.5 1 0
github.com/urfave/cli/altsrc/map_input_source.go:27.5,28.62 1 1
github.com/urfave/cli/altsrc/map_input_source.go:28.62,30.6 1 0
github.com/urfave/cli/altsrc/map_input_source.go:30.6,32.6 1 1
github.com/urfave/cli/altsrc/map_input_source.go:35.53,37.4 1 1
github.com/urfave/cli/altsrc/map_input_source.go:43.58,45.12 2 1
github.com/urfave/cli/altsrc/map_input_source.go:52.2,53.12 2 1
github.com/urfave/cli/altsrc/map_input_source.go:61.2,61.15 1 0
github.com/urfave/cli/altsrc/map_input_source.go:45.12,47.14 2 1
github.com/urfave/cli/altsrc/map_input_source.go:50.3,50.25 1 1
github.com/urfave/cli/altsrc/map_input_source.go:47.14,49.4 1 0
github.com/urfave/cli/altsrc/map_input_source.go:53.12,55.14 2 1
github.com/urfave/cli/altsrc/map_input_source.go:58.3,58.25 1 1
github.com/urfave/cli/altsrc/map_input_source.go:55.14,57.4 1 0
github.com/urfave/cli/altsrc/map_input_source.go:65.73,67.12 2 1
github.com/urfave/cli/altsrc/map_input_source.go:74.2,75.12 2 0
github.com/urfave/cli/altsrc/map_input_source.go:83.2,83.15 1 0
github.com/urfave/cli/altsrc/map_input_source.go:67.12,69.14 2 1
github.com/urfave/cli/altsrc/map_input_source.go:72.3,72.25 1 1
github.com/urfave/cli/altsrc/map_input_source.go:69.14,71.4 1 0
github.com/urfave/cli/altsrc/map_input_source.go:75.12,77.14 2 0
github.com/urfave/cli/altsrc/map_input_source.go:80.3,80.25 1 0
github.com/urfave/cli/altsrc/map_input_source.go:77.14,79.4 1 0
github.com/urfave/cli/altsrc/map_input_source.go:87.66,89.12 2 1
github.com/urfave/cli/altsrc/map_input_source.go:96.2,97.12 2 0
github.com/urfave/cli/altsrc/map_input_source.go:105.2,105.15 1 0
github.com/urfave/cli/altsrc/map_input_source.go:89.12,91.14 2 1
github.com/urfave/cli/altsrc/map_input_source.go:94.3,94.25 1 1
github.com/urfave/cli/altsrc/map_input_source.go:91.14,93.4 1 0
github.com/urfave/cli/altsrc/map_input_source.go:97.12,99.14 2 0
github.com/urfave/cli/altsrc/map_input_source.go:102.3,102.25 1 0
github.com/urfave/cli/altsrc/map_input_source.go:99.14,101.4 1 0
github.com/urfave/cli/altsrc/map_input_source.go:109.64,111.12 2 1
github.com/urfave/cli/altsrc/map_input_source.go:118.2,119.12 2 0
github.com/urfave/cli/altsrc/map_input_source.go:127.2,127.16 1 0
github.com/urfave/cli/altsrc/map_input_source.go:111.12,113.14 2 1
github.com/urfave/cli/altsrc/map_input_source.go:116.3,116.25 1 1
github.com/urfave/cli/altsrc/map_input_source.go:113.14,115.4 1 0
github.com/urfave/cli/altsrc/map_input_source.go:119.12,121.14 2 0
github.com/urfave/cli/altsrc/map_input_source.go:124.3,124.25 1 0
github.com/urfave/cli/altsrc/map_input_source.go:121.14,123.4 1 0
github.com/urfave/cli/altsrc/map_input_source.go:131.71,133.13 2 1
github.com/urfave/cli/altsrc/map_input_source.go:140.2,141.13 2 1
github.com/urfave/cli/altsrc/map_input_source.go:145.2,146.31 2 1
github.com/urfave/cli/altsrc/map_input_source.go:156.2,156.25 1 1
github.com/urfave/cli/altsrc/map_input_source.go:133.13,135.14 2 0
github.com/urfave/cli/altsrc/map_input_source.go:135.14,137.4 1 0
github.com/urfave/cli/altsrc/map_input_source.go:141.13,143.3 1 0
github.com/urfave/cli/altsrc/map_input_source.go:146.31,149.14 2 1
github.com/urfave/cli/altsrc/map_input_source.go:153.3,153.49 1 1
github.com/urfave/cli/altsrc/map_input_source.go:149.14,151.4 1 0
github.com/urfave/cli/altsrc/map_input_source.go:160.65,162.13 2 1
github.com/urfave/cli/altsrc/map_input_source.go:169.2,170.13 2 1
github.com/urfave/cli/altsrc/map_input_source.go:174.2,175.31 2 1
github.com/urfave/cli/altsrc/map_input_source.go:185.2,185.22 1 1
github.com/urfave/cli/altsrc/map_input_source.go:162.13,164.14 2 0
github.com/urfave/cli/altsrc/map_input_source.go:164.14,166.4 1 0
github.com/urfave/cli/altsrc/map_input_source.go:170.13,172.3 1 0
github.com/urfave/cli/altsrc/map_input_source.go:175.31,178.14 2 1
github.com/urfave/cli/altsrc/map_input_source.go:182.3,182.40 1 1
github.com/urfave/cli/altsrc/map_input_source.go:178.14,180.4 1 0
github.com/urfave/cli/altsrc/map_input_source.go:189.70,191.12 2 1
github.com/urfave/cli/altsrc/map_input_source.go:198.2,199.12 2 0
github.com/urfave/cli/altsrc/map_input_source.go:207.2,207.17 1 0
github.com/urfave/cli/altsrc/map_input_source.go:191.12,193.14 2 1
github.com/urfave/cli/altsrc/map_input_source.go:196.3,196.25 1 1
github.com/urfave/cli/altsrc/map_input_source.go:193.14,195.4 1 0
github.com/urfave/cli/altsrc/map_input_source.go:199.12,201.14 2 0
github.com/urfave/cli/altsrc/map_input_source.go:204.3,204.25 1 0
github.com/urfave/cli/altsrc/map_input_source.go:201.14,203.4 1 0
github.com/urfave/cli/altsrc/map_input_source.go:211.60,213.12 2 1
github.com/urfave/cli/altsrc/map_input_source.go:220.2,221.12 2 0
github.com/urfave/cli/altsrc/map_input_source.go:229.2,229.19 1 0
github.com/urfave/cli/altsrc/map_input_source.go:213.12,215.14 2 1
github.com/urfave/cli/altsrc/map_input_source.go:218.3,218.25 1 1
github.com/urfave/cli/altsrc/map_input_source.go:215.14,217.4 1 0
github.com/urfave/cli/altsrc/map_input_source.go:221.12,223.14 2 0
github.com/urfave/cli/altsrc/map_input_source.go:226.3,226.25 1 0
github.com/urfave/cli/altsrc/map_input_source.go:223.14,225.4 1 0
github.com/urfave/cli/altsrc/map_input_source.go:233.61,235.12 2 1
github.com/urfave/cli/altsrc/map_input_source.go:242.2,243.12 2 0
github.com/urfave/cli/altsrc/map_input_source.go:251.2,251.18 1 0
github.com/urfave/cli/altsrc/map_input_source.go:235.12,237.14 2 1
github.com/urfave/cli/altsrc/map_input_source.go:240.3,240.25 1 1
github.com/urfave/cli/altsrc/map_input_source.go:237.14,239.4 1 0
github.com/urfave/cli/altsrc/map_input_source.go:243.12,245.14 2 0
github.com/urfave/cli/altsrc/map_input_source.go:248.3,248.25 1 0
github.com/urfave/cli/altsrc/map_input_source.go:245.14,247.4 1 0
github.com/urfave/cli/altsrc/map_input_source.go:254.88,257.22 3 0
github.com/urfave/cli/altsrc/map_input_source.go:261.2,261.125 1 0
github.com/urfave/cli/altsrc/map_input_source.go:257.22,259.3 1 0
github.com/urfave/cli/altsrc/toml_file_loader.go:20.79,23.26 3 1
github.com/urfave/cli/altsrc/toml_file_loader.go:66.2,66.17 1 1
github.com/urfave/cli/altsrc/toml_file_loader.go:23.26,25.19 2 1
github.com/urfave/cli/altsrc/toml_file_loader.go:26.21,27.25 1 0
github.com/urfave/cli/altsrc/toml_file_loader.go:28.23,29.27 1 0
github.com/urfave/cli/altsrc/toml_file_loader.go:30.20,31.29 1 0
github.com/urfave/cli/altsrc/toml_file_loader.go:32.21,33.30 1 0
github.com/urfave/cli/altsrc/toml_file_loader.go:34.22,35.31 1 0
github.com/urfave/cli/altsrc/toml_file_loader.go:36.22,37.31 1 0
github.com/urfave/cli/altsrc/toml_file_loader.go:38.22,39.31 1 1
github.com/urfave/cli/altsrc/toml_file_loader.go:40.21,41.30 1 0
github.com/urfave/cli/altsrc/toml_file_loader.go:42.22,43.31 1 0
github.com/urfave/cli/altsrc/toml_file_loader.go:44.23,45.32 1 0
github.com/urfave/cli/altsrc/toml_file_loader.go:46.23,47.32 1 0
github.com/urfave/cli/altsrc/toml_file_loader.go:48.23,49.32 1 0
github.com/urfave/cli/altsrc/toml_file_loader.go:50.24,51.37 1 0
github.com/urfave/cli/altsrc/toml_file_loader.go:52.24,53.37 1 0
github.com/urfave/cli/altsrc/toml_file_loader.go:54.20,55.49 1 1
github.com/urfave/cli/altsrc/toml_file_loader.go:60.37,61.34 1 0
github.com/urfave/cli/altsrc/toml_file_loader.go:62.11,63.63 1 0
github.com/urfave/cli/altsrc/toml_file_loader.go:55.49,57.5 1 1
github.com/urfave/cli/altsrc/toml_file_loader.go:57.5,59.5 1 0
github.com/urfave/cli/altsrc/toml_file_loader.go:69.57,70.45 1 1
github.com/urfave/cli/altsrc/toml_file_loader.go:75.2,75.12 1 1
github.com/urfave/cli/altsrc/toml_file_loader.go:70.45,72.3 1 1
github.com/urfave/cli/altsrc/toml_file_loader.go:72.3,74.3 1 0
github.com/urfave/cli/altsrc/toml_file_loader.go:83.69,86.64 3 1
github.com/urfave/cli/altsrc/toml_file_loader.go:89.2,89.52 1 1
github.com/urfave/cli/altsrc/toml_file_loader.go:86.64,88.3 1 0
github.com/urfave/cli/altsrc/toml_file_loader.go:93.108,94.64 1 1
github.com/urfave/cli/altsrc/toml_file_loader.go:94.64,97.3 2 1
github.com/urfave/cli/altsrc/toml_file_loader.go:100.74,102.16 2 1
github.com/urfave/cli/altsrc/toml_file_loader.go:106.2,107.16 2 1
github.com/urfave/cli/altsrc/toml_file_loader.go:111.2,112.8 2 1
github.com/urfave/cli/altsrc/toml_file_loader.go:102.16,104.3 1 0
github.com/urfave/cli/altsrc/toml_file_loader.go:107.16,109.3 1 0
github.com/urfave/cli/altsrc/yaml_file_loader.go:27.69,31.16 4 1
github.com/urfave/cli/altsrc/yaml_file_loader.go:35.2,35.48 1 1
github.com/urfave/cli/altsrc/yaml_file_loader.go:31.16,33.3 1 0
github.com/urfave/cli/altsrc/yaml_file_loader.go:39.108,40.64 1 1
github.com/urfave/cli/altsrc/yaml_file_loader.go:40.64,43.3 2 1
github.com/urfave/cli/altsrc/yaml_file_loader.go:46.74,48.16 2 1
github.com/urfave/cli/altsrc/yaml_file_loader.go:52.2,53.16 2 1
github.com/urfave/cli/altsrc/yaml_file_loader.go:57.2,58.8 2 1
github.com/urfave/cli/altsrc/yaml_file_loader.go:48.16,50.3 1 0
github.com/urfave/cli/altsrc/yaml_file_loader.go:53.16,55.3 1 0
github.com/urfave/cli/altsrc/yaml_file_loader.go:61.52,63.16 2 1
github.com/urfave/cli/altsrc/yaml_file_loader.go:67.2,67.18 1 1
github.com/urfave/cli/altsrc/yaml_file_loader.go:63.16,65.3 1 0
github.com/urfave/cli/altsrc/yaml_file_loader.go:67.18,68.19 1 0
github.com/urfave/cli/altsrc/yaml_file_loader.go:69.24,71.18 2 0
github.com/urfave/cli/altsrc/yaml_file_loader.go:74.4,74.35 1 0
github.com/urfave/cli/altsrc/yaml_file_loader.go:75.11,76.67 1 0
github.com/urfave/cli/altsrc/yaml_file_loader.go:71.18,73.5 1 0
github.com/urfave/cli/altsrc/yaml_file_loader.go:78.3,78.25 1 1
github.com/urfave/cli/altsrc/yaml_file_loader.go:78.25,79.70 1 1
github.com/urfave/cli/altsrc/yaml_file_loader.go:82.3,82.35 1 1
github.com/urfave/cli/altsrc/yaml_file_loader.go:79.70,81.4 1 0
github.com/urfave/cli/altsrc/yaml_file_loader.go:83.3,83.76 1 0
github.com/urfave/cli/altsrc/yaml_file_loader.go:83.76,85.70 1 0
github.com/urfave/cli/altsrc/yaml_file_loader.go:88.3,88.35 1 0
github.com/urfave/cli/altsrc/yaml_file_loader.go:85.70,87.4 1 0
github.com/urfave/cli/altsrc/yaml_file_loader.go:89.3,91.3 1 0
github.com/urfave/cli/altsrc/flag.go:23.114,24.26 1 1
github.com/urfave/cli/altsrc/flag.go:34.2,34.12 1 1
github.com/urfave/cli/altsrc/flag.go:24.26,26.13 2 1
github.com/urfave/cli/altsrc/flag.go:26.13,28.18 2 1
github.com/urfave/cli/altsrc/flag.go:28.18,30.5 1 0
github.com/urfave/cli/altsrc/flag.go:40.109,41.42 1 0
github.com/urfave/cli/altsrc/flag.go:41.42,43.17 2 0
github.com/urfave/cli/altsrc/flag.go:47.3,47.61 1 0
github.com/urfave/cli/altsrc/flag.go:43.17,45.4 1 0
github.com/urfave/cli/altsrc/flag.go:54.140,55.42 1 1
github.com/urfave/cli/altsrc/flag.go:55.42,57.17 2 1
github.com/urfave/cli/altsrc/flag.go:61.3,61.61 1 1
github.com/urfave/cli/altsrc/flag.go:57.17,59.4 1 0
github.com/urfave/cli/altsrc/flag.go:66.97,67.18 1 1
github.com/urfave/cli/altsrc/flag.go:81.2,81.12 1 1
github.com/urfave/cli/altsrc/flag.go:67.18,68.55 1 1
github.com/urfave/cli/altsrc/flag.go:68.55,70.18 2 1
github.com/urfave/cli/altsrc/flag.go:73.4,73.20 1 1
github.com/urfave/cli/altsrc/flag.go:70.18,72.5 1 0
github.com/urfave/cli/altsrc/flag.go:73.20,74.40 1 1
github.com/urfave/cli/altsrc/flag.go:74.40,76.6 1 1
github.com/urfave/cli/altsrc/flag.go:85.101,86.18 1 1
github.com/urfave/cli/altsrc/flag.go:103.2,103.12 1 1
github.com/urfave/cli/altsrc/flag.go:86.18,87.55 1 1
github.com/urfave/cli/altsrc/flag.go:87.55,89.18 2 1
github.com/urfave/cli/altsrc/flag.go:92.4,92.20 1 1
github.com/urfave/cli/altsrc/flag.go:89.18,91.5 1 0
github.com/urfave/cli/altsrc/flag.go:92.20,94.40 2 1
github.com/urfave/cli/altsrc/flag.go:94.40,96.31 2 1
github.com/urfave/cli/altsrc/flag.go:96.31,98.7 1 1
github.com/urfave/cli/altsrc/flag.go:107.98,108.18 1 1
github.com/urfave/cli/altsrc/flag.go:125.2,125.12 1 1
github.com/urfave/cli/altsrc/flag.go:108.18,109.55 1 1
github.com/urfave/cli/altsrc/flag.go:109.55,111.18 2 1
github.com/urfave/cli/altsrc/flag.go:114.4,114.20 1 1
github.com/urfave/cli/altsrc/flag.go:111.18,113.5 1 0
github.com/urfave/cli/altsrc/flag.go:114.20,116.40 2 1
github.com/urfave/cli/altsrc/flag.go:116.40,118.31 2 1
github.com/urfave/cli/altsrc/flag.go:118.31,120.7 1 1
github.com/urfave/cli/altsrc/flag.go:129.94,130.18 1 1
github.com/urfave/cli/altsrc/flag.go:143.2,143.12 1 1
github.com/urfave/cli/altsrc/flag.go:130.18,131.55 1 1
github.com/urfave/cli/altsrc/flag.go:131.55,133.18 2 1
github.com/urfave/cli/altsrc/flag.go:136.4,136.13 1 1
github.com/urfave/cli/altsrc/flag.go:133.18,135.5 1 0
github.com/urfave/cli/altsrc/flag.go:136.13,137.40 1 1
github.com/urfave/cli/altsrc/flag.go:137.40,139.6 1 1
github.com/urfave/cli/altsrc/flag.go:147.95,148.18 1 1
github.com/urfave/cli/altsrc/flag.go:161.2,161.12 1 1
github.com/urfave/cli/altsrc/flag.go:148.18,149.55 1 1
github.com/urfave/cli/altsrc/flag.go:149.55,151.18 2 1
github.com/urfave/cli/altsrc/flag.go:154.4,154.14 1 1
github.com/urfave/cli/altsrc/flag.go:151.18,153.5 1 0
github.com/urfave/cli/altsrc/flag.go:154.14,155.40 1 1
github.com/urfave/cli/altsrc/flag.go:155.40,157.6 1 1
github.com/urfave/cli/altsrc/flag.go:165.96,166.18 1 1
github.com/urfave/cli/altsrc/flag.go:179.2,179.12 1 1
github.com/urfave/cli/altsrc/flag.go:166.18,167.56 1 1
github.com/urfave/cli/altsrc/flag.go:167.56,169.18 2 1
github.com/urfave/cli/altsrc/flag.go:172.4,172.19 1 1
github.com/urfave/cli/altsrc/flag.go:169.18,171.5 1 0
github.com/urfave/cli/altsrc/flag.go:172.19,173.40 1 1
github.com/urfave/cli/altsrc/flag.go:173.40,175.6 1 1
github.com/urfave/cli/altsrc/flag.go:183.93,184.18 1 1
github.com/urfave/cli/altsrc/flag.go:197.2,197.12 1 1
github.com/urfave/cli/altsrc/flag.go:184.18,185.56 1 1
github.com/urfave/cli/altsrc/flag.go:185.56,187.18 2 1
github.com/urfave/cli/altsrc/flag.go:190.4,190.17 1 1
github.com/urfave/cli/altsrc/flag.go:187.18,189.5 1 0
github.com/urfave/cli/altsrc/flag.go:190.17,191.40 1 1
github.com/urfave/cli/altsrc/flag.go:191.40,193.6 1 1
github.com/urfave/cli/altsrc/flag.go:201.98,202.18 1 1
github.com/urfave/cli/altsrc/flag.go:215.2,215.12 1 1
github.com/urfave/cli/altsrc/flag.go:202.18,203.56 1 1
github.com/urfave/cli/altsrc/flag.go:203.56,205.18 2 1
github.com/urfave/cli/altsrc/flag.go:208.4,208.17 1 1
github.com/urfave/cli/altsrc/flag.go:205.18,207.5 1 0
github.com/urfave/cli/altsrc/flag.go:208.17,209.40 1 1
github.com/urfave/cli/altsrc/flag.go:209.40,211.6 1 1
github.com/urfave/cli/altsrc/flag.go:219.97,220.18 1 1
github.com/urfave/cli/altsrc/flag.go:234.2,234.12 1 1
github.com/urfave/cli/altsrc/flag.go:220.18,221.56 1 1
github.com/urfave/cli/altsrc/flag.go:221.56,223.18 2 1
github.com/urfave/cli/altsrc/flag.go:226.4,226.17 1 1
github.com/urfave/cli/altsrc/flag.go:223.18,225.5 1 0
github.com/urfave/cli/altsrc/flag.go:226.17,228.40 2 1
github.com/urfave/cli/altsrc/flag.go:228.40,230.6 1 1
github.com/urfave/cli/altsrc/flag.go:237.39,238.53 1 1
github.com/urfave/cli/altsrc/flag.go:248.2,248.14 1 1
github.com/urfave/cli/altsrc/flag.go:238.53,240.42 2 1
github.com/urfave/cli/altsrc/flag.go:240.42,245.4 1 1
github.com/urfave/cli/altsrc/flag.go:251.40,253.2 1 1
github.com/urfave/cli/altsrc/flag.go:255.49,257.29 2 1
github.com/urfave/cli/altsrc/flag.go:257.29,260.3 2 1
