mode: set
github.com/urfave/cli/app.go:94.30,96.16 2 1
github.com/urfave/cli/app.go:99.2,99.23 1 1
github.com/urfave/cli/app.go:96.16,98.3 1 1
github.com/urfave/cli/app.go:104.20,116.2 1 1
github.com/urfave/cli/app.go:121.23,122.16 1 1
github.com/urfave/cli/app.go:126.2,128.37 2 1
github.com/urfave/cli/app.go:132.2,133.31 2 1
github.com/urfave/cli/app.go:139.2,141.55 2 1
github.com/urfave/cli/app.go:148.2,148.20 1 1
github.com/urfave/cli/app.go:152.2,153.37 2 1
github.com/urfave/cli/app.go:156.2,158.23 2 1
github.com/urfave/cli/app.go:162.2,162.21 1 1
github.com/urfave/cli/app.go:122.16,124.3 1 1
github.com/urfave/cli/app.go:128.37,130.3 1 1
github.com/urfave/cli/app.go:133.31,134.23 1 1
github.com/urfave/cli/app.go:137.3,137.31 1 1
github.com/urfave/cli/app.go:134.23,136.4 1 1
github.com/urfave/cli/app.go:141.55,143.31 2 1
github.com/urfave/cli/app.go:143.31,145.4 1 1
github.com/urfave/cli/app.go:148.20,150.3 1 1
github.com/urfave/cli/app.go:153.37,155.3 1 1
github.com/urfave/cli/app.go:158.23,160.3 1 1
github.com/urfave/cli/app.go:162.21,164.3 1 1
github.com/urfave/cli/app.go:169.51,182.16 4 1
github.com/urfave/cli/app.go:186.2,190.17 5 1
github.com/urfave/cli/app.go:195.2,197.31 2 1
github.com/urfave/cli/app.go:201.2,201.16 1 1
github.com/urfave/cli/app.go:212.2,212.39 1 1
github.com/urfave/cli/app.go:217.2,217.45 1 1
github.com/urfave/cli/app.go:222.2,222.20 1 1
github.com/urfave/cli/app.go:234.2,234.21 1 1
github.com/urfave/cli/app.go:245.2,246.20 2 1
github.com/urfave/cli/app.go:254.2,254.21 1 1
github.com/urfave/cli/app.go:259.2,262.12 3 1
github.com/urfave/cli/app.go:182.16,184.3 1 1
github.com/urfave/cli/app.go:190.17,194.3 3 0
github.com/urfave/cli/app.go:197.31,199.3 1 1
github.com/urfave/cli/app.go:201.16,202.28 1 1
github.com/urfave/cli/app.go:207.3,209.13 3 1
github.com/urfave/cli/app.go:202.28,206.4 3 1
github.com/urfave/cli/app.go:212.39,215.3 2 1
github.com/urfave/cli/app.go:217.45,220.3 2 1
github.com/urfave/cli/app.go:222.20,223.16 1 1
github.com/urfave/cli/app.go:223.16,224.53 1 1
github.com/urfave/cli/app.go:224.53,225.19 1 1
github.com/urfave/cli/app.go:225.19,227.6 1 1
github.com/urfave/cli/app.go:227.6,229.6 1 1
github.com/urfave/cli/app.go:234.21,236.23 2 1
github.com/urfave/cli/app.go:236.23,242.4 5 1
github.com/urfave/cli/app.go:246.20,249.15 3 1
github.com/urfave/cli/app.go:249.15,251.4 1 1
github.com/urfave/cli/app.go:254.21,256.3 1 1
github.com/urfave/cli/app.go:270.35,271.39 1 0
github.com/urfave/cli/app.go:271.39,274.3 2 0
github.com/urfave/cli/app.go:279.57,281.25 1 1
github.com/urfave/cli/app.go:290.2,291.31 2 1
github.com/urfave/cli/app.go:297.2,301.16 3 1
github.com/urfave/cli/app.go:305.2,310.17 5 1
github.com/urfave/cli/app.go:321.2,321.31 1 1
github.com/urfave/cli/app.go:325.2,325.16 1 1
github.com/urfave/cli/app.go:336.2,336.25 1 1
github.com/urfave/cli/app.go:346.2,346.20 1 1
github.com/urfave/cli/app.go:360.2,360.21 1 1
github.com/urfave/cli/app.go:369.2,370.20 2 1
github.com/urfave/cli/app.go:379.2,382.12 3 0
github.com/urfave/cli/app.go:281.25,282.56 1 1
github.com/urfave/cli/app.go:282.56,284.32 2 1
github.com/urfave/cli/app.go:284.32,286.5 1 1
github.com/urfave/cli/app.go:291.31,292.23 1 1
github.com/urfave/cli/app.go:295.3,295.31 1 1
github.com/urfave/cli/app.go:292.23,294.4 1 1
github.com/urfave/cli/app.go:301.16,303.3 1 0
github.com/urfave/cli/app.go:310.17,313.26 3 0
github.com/urfave/cli/app.go:318.3,318.14 1 0
github.com/urfave/cli/app.go:313.26,315.4 1 0
github.com/urfave/cli/app.go:315.4,317.4 1 0
github.com/urfave/cli/app.go:321.31,323.3 1 0
github.com/urfave/cli/app.go:325.16,326.28 1 1
github.com/urfave/cli/app.go:331.3,333.13 3 1
github.com/urfave/cli/app.go:326.28,330.4 3 0
github.com/urfave/cli/app.go:336.25,337.35 1 1
github.com/urfave/cli/app.go:337.35,339.4 1 1
github.com/urfave/cli/app.go:340.3,341.52 1 0
github.com/urfave/cli/app.go:341.52,343.4 1 0
github.com/urfave/cli/app.go:346.20,347.16 1 1
github.com/urfave/cli/app.go:347.16,349.23 2 1
github.com/urfave/cli/app.go:349.23,351.19 2 1
github.com/urfave/cli/app.go:351.19,353.6 1 1
github.com/urfave/cli/app.go:353.6,355.6 1 0
github.com/urfave/cli/app.go:360.21,362.23 2 1
github.com/urfave/cli/app.go:362.23,366.4 3 1
github.com/urfave/cli/app.go:370.20,373.15 3 1
github.com/urfave/cli/app.go:373.15,375.4 1 1
github.com/urfave/cli/app.go:386.45,387.31 1 1
github.com/urfave/cli/app.go:393.2,393.12 1 1
github.com/urfave/cli/app.go:387.31,388.22 1 1
github.com/urfave/cli/app.go:388.22,390.4 1 1
github.com/urfave/cli/app.go:397.46,399.2 1 1
github.com/urfave/cli/app.go:403.54,405.40 2 1
github.com/urfave/cli/app.go:417.2,417.12 1 1
github.com/urfave/cli/app.go:405.40,406.41 1 1
github.com/urfave/cli/app.go:406.41,407.46 1 1
github.com/urfave/cli/app.go:412.4,412.14 1 1
github.com/urfave/cli/app.go:407.46,408.24 1 1
github.com/urfave/cli/app.go:408.24,410.6 1 1
github.com/urfave/cli/app.go:413.23,415.4 1 1
github.com/urfave/cli/app.go:421.43,423.37 2 1
github.com/urfave/cli/app.go:428.2,428.12 1 1
github.com/urfave/cli/app.go:423.37,424.22 1 1
github.com/urfave/cli/app.go:424.22,426.4 1 1
github.com/urfave/cli/app.go:432.37,434.2 1 1
github.com/urfave/cli/app.go:436.39,437.28 1 1
github.com/urfave/cli/app.go:443.2,443.14 1 1
github.com/urfave/cli/app.go:437.28,438.16 1 1
github.com/urfave/cli/app.go:438.16,440.4 1 0
github.com/urfave/cli/app.go:446.37,449.24 1 0
github.com/urfave/cli/app.go:453.2,453.20 1 0
github.com/urfave/cli/app.go:449.24,451.3 1 0
github.com/urfave/cli/app.go:456.37,457.22 1 1
github.com/urfave/cli/app.go:457.22,459.3 1 1
github.com/urfave/cli/app.go:469.33,471.19 2 1
github.com/urfave/cli/app.go:475.2,475.39 1 1
github.com/urfave/cli/app.go:471.19,473.3 1 1
github.com/urfave/cli/app.go:481.69,482.38 1 1
github.com/urfave/cli/app.go:482.38,484.3 1 1
github.com/urfave/cli/app.go:484.3,484.55 1 1
github.com/urfave/cli/app.go:484.55,486.3 1 1
github.com/urfave/cli/app.go:486.3,486.49 1 1
github.com/urfave/cli/app.go:486.49,489.3 2 0
github.com/urfave/cli/app.go:489.3,491.3 1 1
github.com/urfave/cli/command.go:66.35,68.2 1 0
github.com/urfave/cli/command.go:70.45,72.2 1 0
github.com/urfave/cli/command.go:74.40,76.2 1 0
github.com/urfave/cli/command.go:80.36,81.30 1 0
github.com/urfave/cli/command.go:84.2,84.45 1 0
github.com/urfave/cli/command.go:81.30,83.3 1 0
github.com/urfave/cli/command.go:91.48,92.28 1 1
github.com/urfave/cli/command.go:96.2,96.45 1 1
github.com/urfave/cli/command.go:104.2,105.16 2 1
github.com/urfave/cli/command.go:108.2,110.23 2 1
github.com/urfave/cli/command.go:148.2,149.17 2 1
github.com/urfave/cli/command.go:156.2,157.46 2 1
github.com/urfave/cli/command.go:161.2,161.16 1 1
github.com/urfave/cli/command.go:173.2,173.39 1 1
github.com/urfave/cli/command.go:177.2,177.20 1 1
github.com/urfave/cli/command.go:191.2,191.21 1 1
github.com/urfave/cli/command.go:202.2,202.21 1 1
github.com/urfave/cli/command.go:206.2,209.16 3 1
github.com/urfave/cli/command.go:212.2,212.12 1 1
github.com/urfave/cli/command.go:92.28,94.3 1 1
github.com/urfave/cli/command.go:96.45,102.3 1 1
github.com/urfave/cli/command.go:105.16,107.3 1 0
github.com/urfave/cli/command.go:110.23,112.3 1 1
github.com/urfave/cli/command.go:112.3,112.30 1 1
github.com/urfave/cli/command.go:112.30,115.38 3 1
github.com/urfave/cli/command.go:127.3,127.26 1 1
github.com/urfave/cli/command.go:115.38,116.19 1 1
github.com/urfave/cli/command.go:116.19,118.10 2 1
github.com/urfave/cli/command.go:119.5,119.25 1 1
github.com/urfave/cli/command.go:119.25,121.13 1 1
github.com/urfave/cli/command.go:122.5,122.66 1 1
github.com/urfave/cli/command.go:122.66,124.5 1 1
github.com/urfave/cli/command.go:127.26,133.28 5 1
github.com/urfave/cli/command.go:140.4,140.53 1 1
github.com/urfave/cli/command.go:133.28,136.5 2 1
github.com/urfave/cli/command.go:136.5,138.5 1 1
github.com/urfave/cli/command.go:141.4,143.4 1 1
github.com/urfave/cli/command.go:144.3,146.3 1 1
github.com/urfave/cli/command.go:149.17,154.3 4 0
github.com/urfave/cli/command.go:157.46,159.3 1 0
github.com/urfave/cli/command.go:161.16,162.28 1 1
github.com/urfave/cli/command.go:167.3,170.13 4 1
github.com/urfave/cli/command.go:162.28,166.4 3 1
github.com/urfave/cli/command.go:173.39,175.3 1 1
github.com/urfave/cli/command.go:177.20,178.16 1 1
github.com/urfave/cli/command.go:178.16,180.23 2 1
github.com/urfave/cli/command.go:180.23,182.19 2 1
github.com/urfave/cli/command.go:182.19,184.6 1 1
github.com/urfave/cli/command.go:184.6,186.6 1 0
github.com/urfave/cli/command.go:191.21,193.17 2 1
github.com/urfave/cli/command.go:193.17,199.4 5 1
github.com/urfave/cli/command.go:202.21,204.3 1 1
github.com/urfave/cli/command.go:209.16,211.3 1 0
github.com/urfave/cli/command.go:216.35,219.23 2 1
github.com/urfave/cli/command.go:223.2,223.36 1 1
github.com/urfave/cli/command.go:219.23,221.3 1 0
github.com/urfave/cli/command.go:227.44,228.30 1 1
github.com/urfave/cli/command.go:233.2,233.14 1 1
github.com/urfave/cli/command.go:228.30,229.16 1 1
github.com/urfave/cli/command.go:229.16,231.4 1 1
github.com/urfave/cli/command.go:236.47,241.22 4 1
github.com/urfave/cli/command.go:247.2,268.40 16 1
github.com/urfave/cli/command.go:272.2,276.27 3 1
github.com/urfave/cli/command.go:281.2,283.21 3 1
github.com/urfave/cli/command.go:289.2,289.38 1 1
github.com/urfave/cli/command.go:293.2,293.33 1 1
github.com/urfave/cli/command.go:241.22,243.3 1 0
github.com/urfave/cli/command.go:243.3,245.3 1 1
github.com/urfave/cli/command.go:268.40,270.3 1 1
github.com/urfave/cli/command.go:276.27,278.3 1 0
github.com/urfave/cli/command.go:283.21,285.3 1 1
github.com/urfave/cli/command.go:285.3,287.3 1 1
github.com/urfave/cli/command.go:289.38,291.3 1 1
github.com/urfave/cli/command.go:297.40,299.2 1 1
github.com/urfave/cli/help.go:86.33,88.21 2 1
github.com/urfave/cli/help.go:92.3,93.13 2 1
github.com/urfave/cli/help.go:88.21,90.4 1 1
github.com/urfave/cli/help.go:102.33,104.21 2 1
github.com/urfave/cli/help.go:108.3,108.31 1 1
github.com/urfave/cli/help.go:104.21,106.4 1 1
github.com/urfave/cli/help.go:124.36,127.2 2 1
github.com/urfave/cli/help.go:130.37,131.41 1 1
github.com/urfave/cli/help.go:131.41,132.21 1 1
github.com/urfave/cli/help.go:135.3,135.40 1 1
github.com/urfave/cli/help.go:132.21,133.12 1 0
github.com/urfave/cli/help.go:135.40,137.4 1 1
github.com/urfave/cli/help.go:142.58,144.19 1 1
github.com/urfave/cli/help.go:149.2,149.37 1 1
github.com/urfave/cli/help.go:156.2,156.36 1 1
github.com/urfave/cli/help.go:160.2,161.12 2 1
github.com/urfave/cli/help.go:144.19,147.3 2 1
github.com/urfave/cli/help.go:149.37,150.25 1 1
github.com/urfave/cli/help.go:150.25,153.4 2 1
github.com/urfave/cli/help.go:156.36,158.3 1 1
github.com/urfave/cli/help.go:165.43,167.2 1 1
github.com/urfave/cli/help.go:170.30,172.2 1 1
github.com/urfave/cli/help.go:174.31,176.2 1 1
github.com/urfave/cli/help.go:179.34,181.39 2 1
github.com/urfave/cli/help.go:181.39,183.3 1 1
github.com/urfave/cli/help.go:187.59,189.39 2 0
github.com/urfave/cli/help.go:189.39,191.3 1 0
github.com/urfave/cli/help.go:194.63,202.16 5 1
github.com/urfave/cli/help.go:210.2,210.11 1 1
github.com/urfave/cli/help.go:202.16,205.50 1 0
github.com/urfave/cli/help.go:208.3,208.9 1 0
github.com/urfave/cli/help.go:205.50,207.4 1 0
github.com/urfave/cli/help.go:213.36,215.28 2 1
github.com/urfave/cli/help.go:222.2,222.14 1 1
github.com/urfave/cli/help.go:215.28,216.48 1 1
github.com/urfave/cli/help.go:216.48,217.42 1 1
github.com/urfave/cli/help.go:217.42,219.5 1 1
github.com/urfave/cli/help.go:225.33,227.25 2 1
github.com/urfave/cli/help.go:234.2,234.14 1 1
github.com/urfave/cli/help.go:227.25,228.45 1 1
github.com/urfave/cli/help.go:228.45,229.42 1 1
github.com/urfave/cli/help.go:229.42,231.5 1 1
github.com/urfave/cli/help.go:237.53,238.35 1 1
github.com/urfave/cli/help.go:243.2,243.14 1 1
github.com/urfave/cli/help.go:238.35,241.3 2 1
github.com/urfave/cli/help.go:246.43,247.35 1 1
github.com/urfave/cli/help.go:252.2,252.14 1 1
github.com/urfave/cli/help.go:247.35,250.3 2 1
github.com/urfave/cli/help.go:255.74,256.29 1 1
github.com/urfave/cli/help.go:260.2,263.45 3 1
github.com/urfave/cli/help.go:267.2,267.30 1 1
github.com/urfave/cli/help.go:256.29,258.3 1 1
github.com/urfave/cli/help.go:263.45,265.3 1 1
github.com/urfave/cli/help.go:270.40,271.22 1 1
github.com/urfave/cli/help.go:275.2,275.38 1 1
github.com/urfave/cli/help.go:283.2,284.13 2 1
github.com/urfave/cli/help.go:271.22,273.3 1 1
github.com/urfave/cli/help.go:275.38,277.45 2 0
github.com/urfave/cli/help.go:277.45,280.4 1 0
github.com/urfave/cli/help.go:287.60,288.22 1 1
github.com/urfave/cli/help.go:292.2,293.13 2 0
github.com/urfave/cli/help.go:288.22,290.3 1 1
github.com/urfave/cli/category.go:12.48,14.2 1 1
github.com/urfave/cli/category.go:16.38,18.2 1 1
github.com/urfave/cli/category.go:20.43,22.2 1 0
github.com/urfave/cli/category.go:25.91,26.36 1 1
github.com/urfave/cli/category.go:32.2,32.82 1 1
github.com/urfave/cli/category.go:26.36,27.39 1 1
github.com/urfave/cli/category.go:27.39,30.4 2 1
github.com/urfave/cli/category.go:36.55,38.37 2 1
github.com/urfave/cli/category.go:43.2,43.12 1 1
github.com/urfave/cli/category.go:38.37,39.22 1 1
github.com/urfave/cli/category.go:39.22,41.4 1 1
github.com/urfave/cli/context.go:26.75,29.22 2 1
github.com/urfave/cli/context.go:33.2,33.10 1 1
github.com/urfave/cli/context.go:29.22,31.3 1 1
github.com/urfave/cli/context.go:37.34,39.2 1 1
github.com/urfave/cli/context.go:42.49,44.2 1 1
github.com/urfave/cli/context.go:47.55,49.2 1 1
github.com/urfave/cli/context.go:52.43,53.23 1 1
github.com/urfave/cli/context.go:119.2,119.25 1 1
github.com/urfave/cli/context.go:53.23,56.38 2 1
github.com/urfave/cli/context.go:60.3,60.41 1 1
github.com/urfave/cli/context.go:78.3,79.27 2 1
github.com/urfave/cli/context.go:84.3,84.27 1 1
github.com/urfave/cli/context.go:56.38,58.4 1 1
github.com/urfave/cli/context.go:60.41,61.39 1 1
github.com/urfave/cli/context.go:64.4,64.30 1 1
github.com/urfave/cli/context.go:61.39,63.5 1 1
github.com/urfave/cli/context.go:79.27,80.20 1 1
github.com/urfave/cli/context.go:80.20,82.5 1 1
github.com/urfave/cli/context.go:84.27,85.44 1 1
github.com/urfave/cli/context.go:85.44,86.52 1 1
github.com/urfave/cli/context.go:90.5,91.34 2 1
github.com/urfave/cli/context.go:95.5,96.32 2 1
github.com/urfave/cli/context.go:105.5,106.30 2 1
github.com/urfave/cli/context.go:86.52,88.6 1 1
github.com/urfave/cli/context.go:91.34,93.6 1 0
github.com/urfave/cli/context.go:96.32,97.61 1 1
github.com/urfave/cli/context.go:97.61,98.50 1 1
github.com/urfave/cli/context.go:98.50,101.8 2 0
github.com/urfave/cli/context.go:106.30,107.57 1 1
github.com/urfave/cli/context.go:107.57,109.46 2 1
github.com/urfave/cli/context.go:109.46,112.8 2 1
github.com/urfave/cli/context.go:123.49,125.30 2 1
github.com/urfave/cli/context.go:129.2,129.44 1 1
github.com/urfave/cli/context.go:134.2,134.14 1 1
github.com/urfave/cli/context.go:125.30,127.3 1 1
github.com/urfave/cli/context.go:129.44,130.22 1 1
github.com/urfave/cli/context.go:130.22,132.4 1 1
github.com/urfave/cli/context.go:138.48,139.39 1 0
github.com/urfave/cli/context.go:146.2,146.8 1 0
github.com/urfave/cli/context.go:139.39,141.21 2 0
github.com/urfave/cli/context.go:144.3,144.30 1 0
github.com/urfave/cli/context.go:141.21,142.12 1 0
github.com/urfave/cli/context.go:150.54,151.35 1 0
github.com/urfave/cli/context.go:158.2,158.8 1 0
github.com/urfave/cli/context.go:151.35,153.42 2 0
github.com/urfave/cli/context.go:156.3,156.30 1 0
github.com/urfave/cli/context.go:153.42,154.12 1 0
github.com/urfave/cli/context.go:162.37,164.2 1 0
github.com/urfave/cli/context.go:167.50,169.2 1 1
github.com/urfave/cli/context.go:175.31,178.2 2 1
github.com/urfave/cli/context.go:181.30,183.2 1 1
github.com/urfave/cli/context.go:186.33,187.16 1 1
github.com/urfave/cli/context.go:190.2,190.11 1 0
github.com/urfave/cli/context.go:187.16,189.3 1 1
github.com/urfave/cli/context.go:194.30,196.2 1 1
github.com/urfave/cli/context.go:200.31,201.17 1 1
github.com/urfave/cli/context.go:204.2,204.19 1 1
github.com/urfave/cli/context.go:201.17,203.3 1 1
github.com/urfave/cli/context.go:208.30,210.2 1 1
github.com/urfave/cli/context.go:213.40,214.36 1 0
github.com/urfave/cli/context.go:217.2,218.12 2 0
github.com/urfave/cli/context.go:214.36,216.3 1 0
github.com/urfave/cli/context.go:221.43,222.16 1 1
github.com/urfave/cli/context.go:226.2,226.6 1 1
github.com/urfave/cli/context.go:222.16,224.3 1 0
github.com/urfave/cli/context.go:226.6,227.31 1 1
github.com/urfave/cli/context.go:230.3,230.26 1 1
github.com/urfave/cli/context.go:227.31,229.4 1 1
github.com/urfave/cli/context.go:234.67,235.30 1 1
github.com/urfave/cli/context.go:238.2,238.44 1 1
github.com/urfave/cli/context.go:243.2,243.12 1 1
github.com/urfave/cli/context.go:235.30,237.3 1 1
github.com/urfave/cli/context.go:238.44,239.46 1 1
github.com/urfave/cli/context.go:239.46,241.4 1 1
github.com/urfave/cli/context.go:246.62,247.25 1 1
github.com/urfave/cli/context.go:248.20,248.20 0 1
github.com/urfave/cli/context.go:249.10,250.35 1 1
github.com/urfave/cli/context.go:254.60,256.31 2 1
github.com/urfave/cli/context.go:259.2,259.26 1 1
github.com/urfave/cli/context.go:284.2,284.12 1 1
github.com/urfave/cli/context.go:256.31,258.3 1 1
github.com/urfave/cli/context.go:259.26,261.22 2 1
github.com/urfave/cli/context.go:264.3,265.30 2 1
github.com/urfave/cli/context.go:274.3,274.16 1 1
github.com/urfave/cli/context.go:277.3,277.30 1 1
github.com/urfave/cli/context.go:261.22,262.12 1 1
github.com/urfave/cli/context.go:265.30,267.21 2 1
github.com/urfave/cli/context.go:267.21,268.18 1 1
github.com/urfave/cli/context.go:271.5,271.26 1 1
github.com/urfave/cli/context.go:268.18,270.6 1 0
github.com/urfave/cli/context.go:274.16,275.12 1 1
github.com/urfave/cli/context.go:277.30,279.22 2 1
github.com/urfave/cli/context.go:279.22,281.5 1 1
github.com/urfave/cli/errors.go:23.45,25.2 1 1
github.com/urfave/cli/errors.go:28.36,30.31 2 1
github.com/urfave/cli/errors.go:34.2,34.33 1 1
github.com/urfave/cli/errors.go:30.31,32.3 1 1
github.com/urfave/cli/errors.go:55.65,60.2 1 1
github.com/urfave/cli/errors.go:64.37,66.2 1 1
github.com/urfave/cli/errors.go:70.37,72.2 1 1
github.com/urfave/cli/errors.go:78.33,79.16 1 1
github.com/urfave/cli/errors.go:83.2,83.40 1 1
github.com/urfave/cli/errors.go:95.2,95.42 1 1
github.com/urfave/cli/errors.go:79.16,81.3 1 1
github.com/urfave/cli/errors.go:83.40,84.24 1 1
github.com/urfave/cli/errors.go:91.3,92.9 2 1
github.com/urfave/cli/errors.go:84.24,85.45 1 1
github.com/urfave/cli/errors.go:85.45,87.5 1 0
github.com/urfave/cli/errors.go:87.5,89.5 1 1
github.com/urfave/cli/errors.go:95.42,99.3 3 1
github.com/urfave/cli/errors.go:102.48,104.39 2 1
github.com/urfave/cli/errors.go:114.2,114.13 1 1
github.com/urfave/cli/errors.go:104.39,105.45 1 1
github.com/urfave/cli/errors.go:105.45,107.4 1 0
github.com/urfave/cli/errors.go:107.4,109.43 2 1
github.com/urfave/cli/errors.go:109.43,111.5 1 1
github.com/urfave/cli/flag.go:44.32,46.2 1 0
github.com/urfave/cli/flag.go:48.42,50.2 1 0
github.com/urfave/cli/flag.go:52.37,54.2 1 0
github.com/urfave/cli/flag.go:75.64,78.26 2 1
github.com/urfave/cli/flag.go:88.2,88.17 1 1
github.com/urfave/cli/flag.go:78.26,80.38 1 1
github.com/urfave/cli/flag.go:80.38,81.49 1 1
github.com/urfave/cli/flag.go:81.49,83.5 1 1
github.com/urfave/cli/flag.go:84.4,86.4 1 0
github.com/urfave/cli/flag.go:91.49,93.29 2 1
github.com/urfave/cli/flag.go:93.29,96.3 2 1
github.com/urfave/cli/flag.go:108.47,110.2 1 0
github.com/urfave/cli/flag.go:114.62,116.61 2 1
github.com/urfave/cli/flag.go:122.2,122.37 1 1
github.com/urfave/cli/flag.go:126.2,126.12 1 1
github.com/urfave/cli/flag.go:116.61,117.41 1 1
github.com/urfave/cli/flag.go:117.41,119.4 1 0
github.com/urfave/cli/flag.go:122.37,124.3 1 1
github.com/urfave/cli/flag.go:133.47,136.2 2 1
github.com/urfave/cli/flag.go:139.39,141.2 1 1
github.com/urfave/cli/flag.go:144.40,146.2 1 1
github.com/urfave/cli/flag.go:149.41,151.2 1 1
github.com/urfave/cli/flag.go:155.51,157.2 1 0
github.com/urfave/cli/flag.go:160.66,161.61 1 1
github.com/urfave/cli/flag.go:172.2,172.37 1 1
github.com/urfave/cli/flag.go:179.2,179.12 1 1
github.com/urfave/cli/flag.go:161.61,163.48 2 1
github.com/urfave/cli/flag.go:169.3,169.19 1 1
github.com/urfave/cli/flag.go:163.48,165.40 2 1
github.com/urfave/cli/flag.go:165.40,167.5 1 0
github.com/urfave/cli/flag.go:172.37,173.21 1 1
github.com/urfave/cli/flag.go:176.3,176.34 1 1
github.com/urfave/cli/flag.go:173.21,175.4 1 1
github.com/urfave/cli/flag.go:186.44,188.16 2 1
github.com/urfave/cli/flag.go:191.2,192.12 2 1
github.com/urfave/cli/flag.go:188.16,190.3 1 1
github.com/urfave/cli/flag.go:196.36,198.2 1 1
github.com/urfave/cli/flag.go:201.34,203.2 1 1
github.com/urfave/cli/flag.go:206.38,208.2 1 1
github.com/urfave/cli/flag.go:212.48,214.2 1 0
github.com/urfave/cli/flag.go:217.63,218.61 1 1
github.com/urfave/cli/flag.go:229.2,229.37 1 1
github.com/urfave/cli/flag.go:236.2,236.12 1 1
github.com/urfave/cli/flag.go:218.61,220.48 2 1
github.com/urfave/cli/flag.go:226.3,226.19 1 1
github.com/urfave/cli/flag.go:220.48,222.40 2 1
github.com/urfave/cli/flag.go:222.40,224.5 1 1
github.com/urfave/cli/flag.go:229.37,230.21 1 1
github.com/urfave/cli/flag.go:233.3,233.34 1 1
github.com/urfave/cli/flag.go:230.21,232.4 1 1
github.com/urfave/cli/flag.go:243.46,245.16 2 1
github.com/urfave/cli/flag.go:248.2,249.12 2 1
github.com/urfave/cli/flag.go:245.16,247.3 1 1
github.com/urfave/cli/flag.go:253.38,255.2 1 1
github.com/urfave/cli/flag.go:258.38,260.2 1 1
github.com/urfave/cli/flag.go:263.40,265.2 1 1
github.com/urfave/cli/flag.go:269.50,271.2 1 0
github.com/urfave/cli/flag.go:274.65,275.61 1 1
github.com/urfave/cli/flag.go:286.2,286.37 1 1
github.com/urfave/cli/flag.go:292.2,292.12 1 1
github.com/urfave/cli/flag.go:275.61,277.48 2 1
github.com/urfave/cli/flag.go:283.3,283.19 1 1
github.com/urfave/cli/flag.go:277.48,279.40 2 1
github.com/urfave/cli/flag.go:279.40,281.5 1 1
github.com/urfave/cli/flag.go:286.37,287.21 1 1
github.com/urfave/cli/flag.go:290.3,290.34 1 1
github.com/urfave/cli/flag.go:287.21,289.4 1 0
github.com/urfave/cli/flag.go:297.44,299.2 1 0
github.com/urfave/cli/flag.go:302.59,304.61 2 1
github.com/urfave/cli/flag.go:316.2,316.37 1 1
github.com/urfave/cli/flag.go:324.2,324.12 1 1
github.com/urfave/cli/flag.go:304.61,305.19 1 1
github.com/urfave/cli/flag.go:305.19,307.4 1 1
github.com/urfave/cli/flag.go:307.4,309.18 2 1
github.com/urfave/cli/flag.go:312.4,312.20 1 1
github.com/urfave/cli/flag.go:309.18,311.5 1 1
github.com/urfave/cli/flag.go:316.37,317.27 1 1
github.com/urfave/cli/flag.go:321.3,321.31 1 1
github.com/urfave/cli/flag.go:317.27,320.4 2 1
github.com/urfave/cli/flag.go:329.45,331.2 1 0
github.com/urfave/cli/flag.go:334.60,337.61 2 1
github.com/urfave/cli/flag.go:349.2,349.37 1 1
github.com/urfave/cli/flag.go:357.2,357.12 1 1
github.com/urfave/cli/flag.go:337.61,338.19 1 1
github.com/urfave/cli/flag.go:338.19,340.4 1 1
github.com/urfave/cli/flag.go:340.4,342.18 2 1
github.com/urfave/cli/flag.go:345.4,345.20 1 1
github.com/urfave/cli/flag.go:342.18,344.5 1 1
github.com/urfave/cli/flag.go:349.37,350.27 1 1
github.com/urfave/cli/flag.go:354.3,354.31 1 1
github.com/urfave/cli/flag.go:350.27,353.4 2 1
github.com/urfave/cli/flag.go:362.46,364.2 1 0
github.com/urfave/cli/flag.go:367.61,368.61 1 1
github.com/urfave/cli/flag.go:372.2,372.37 1 1
github.com/urfave/cli/flag.go:380.2,380.12 1 1
github.com/urfave/cli/flag.go:368.61,370.3 1 1
github.com/urfave/cli/flag.go:372.37,373.27 1 1
github.com/urfave/cli/flag.go:377.3,377.37 1 1
github.com/urfave/cli/flag.go:373.27,376.4 2 1
github.com/urfave/cli/flag.go:385.43,387.2 1 0
github.com/urfave/cli/flag.go:390.58,391.61 1 1
github.com/urfave/cli/flag.go:399.2,399.37 1 1
github.com/urfave/cli/flag.go:407.2,407.12 1 1
github.com/urfave/cli/flag.go:391.61,393.17 2 1
github.com/urfave/cli/flag.go:396.3,396.27 1 1
github.com/urfave/cli/flag.go:393.17,395.4 1 1
github.com/urfave/cli/flag.go:399.37,400.27 1 1
github.com/urfave/cli/flag.go:404.3,404.34 1 1
github.com/urfave/cli/flag.go:400.27,403.4 2 1
github.com/urfave/cli/flag.go:412.45,414.2 1 0
github.com/urfave/cli/flag.go:417.60,418.61 1 1
github.com/urfave/cli/flag.go:427.2,427.37 1 1
github.com/urfave/cli/flag.go:435.2,435.12 1 1
github.com/urfave/cli/flag.go:418.61,420.17 2 1
github.com/urfave/cli/flag.go:424.3,424.22 1 1
github.com/urfave/cli/flag.go:420.17,422.4 1 1
github.com/urfave/cli/flag.go:427.37,428.27 1 1
github.com/urfave/cli/flag.go:432.3,432.36 1 1
github.com/urfave/cli/flag.go:428.27,431.4 2 0
github.com/urfave/cli/flag.go:440.44,442.2 1 0
github.com/urfave/cli/flag.go:445.59,446.61 1 1
github.com/urfave/cli/flag.go:455.2,455.37 1 1
github.com/urfave/cli/flag.go:463.2,463.12 1 1
github.com/urfave/cli/flag.go:446.61,448.17 2 1
github.com/urfave/cli/flag.go:452.3,452.28 1 1
github.com/urfave/cli/flag.go:448.17,450.4 1 1
github.com/urfave/cli/flag.go:455.37,456.27 1 1
github.com/urfave/cli/flag.go:460.3,460.35 1 1
github.com/urfave/cli/flag.go:456.27,459.4 2 0
github.com/urfave/cli/flag.go:468.46,470.2 1 0
github.com/urfave/cli/flag.go:473.61,474.61 1 1
github.com/urfave/cli/flag.go:483.2,483.37 1 1
github.com/urfave/cli/flag.go:491.2,491.12 1 1
github.com/urfave/cli/flag.go:474.61,476.17 2 1
github.com/urfave/cli/flag.go:480.3,480.30 1 1
github.com/urfave/cli/flag.go:476.17,478.4 1 1
github.com/urfave/cli/flag.go:483.37,484.27 1 1
github.com/urfave/cli/flag.go:488.3,488.37 1 1
github.com/urfave/cli/flag.go:484.27,487.4 2 0
github.com/urfave/cli/flag.go:496.48,498.2 1 0
github.com/urfave/cli/flag.go:501.63,502.61 1 1
github.com/urfave/cli/flag.go:511.2,511.37 1 1
github.com/urfave/cli/flag.go:519.2,519.12 1 1
github.com/urfave/cli/flag.go:502.61,504.17 2 1
github.com/urfave/cli/flag.go:508.3,508.27 1 1
github.com/urfave/cli/flag.go:504.17,506.4 1 1
github.com/urfave/cli/flag.go:511.37,512.27 1 1
github.com/urfave/cli/flag.go:516.3,516.39 1 1
github.com/urfave/cli/flag.go:512.27,515.4 2 0
github.com/urfave/cli/flag.go:524.47,526.2 1 0
github.com/urfave/cli/flag.go:529.62,530.61 1 1
github.com/urfave/cli/flag.go:539.2,539.37 1 1
github.com/urfave/cli/flag.go:547.2,547.12 1 1
github.com/urfave/cli/flag.go:530.61,532.17 2 1
github.com/urfave/cli/flag.go:536.3,536.33 1 1
github.com/urfave/cli/flag.go:532.17,534.4 1 1
github.com/urfave/cli/flag.go:539.37,540.27 1 1
github.com/urfave/cli/flag.go:544.3,544.38 1 1
github.com/urfave/cli/flag.go:540.27,543.4 2 1
github.com/urfave/cli/flag.go:550.37,552.26 2 1
github.com/urfave/cli/flag.go:557.2,557.16 1 1
github.com/urfave/cli/flag.go:552.26,553.52 1 1
github.com/urfave/cli/flag.go:553.52,555.4 1 1
github.com/urfave/cli/flag.go:560.45,561.20 1 1
github.com/urfave/cli/flag.go:567.2,567.8 1 1
github.com/urfave/cli/flag.go:561.20,563.3 1 1
github.com/urfave/cli/flag.go:563.3,565.3 1 1
github.com/urfave/cli/flag.go:571.50,572.34 1 1
github.com/urfave/cli/flag.go:584.2,584.18 1 1
github.com/urfave/cli/flag.go:572.34,573.22 1 1
github.com/urfave/cli/flag.go:573.22,574.40 1 1
github.com/urfave/cli/flag.go:581.4,581.9 1 0
github.com/urfave/cli/flag.go:574.40,575.24 1 1
github.com/urfave/cli/flag.go:575.24,579.6 3 1
github.com/urfave/cli/flag.go:587.57,590.29 3 1
github.com/urfave/cli/flag.go:600.2,600.17 1 1
github.com/urfave/cli/flag.go:590.29,593.24 3 1
github.com/urfave/cli/flag.go:596.3,596.23 1 1
github.com/urfave/cli/flag.go:593.24,595.4 1 1
github.com/urfave/cli/flag.go:596.23,598.4 1 1
github.com/urfave/cli/flag.go:603.45,605.18 2 1
github.com/urfave/cli/flag.go:616.2,616.22 1 1
github.com/urfave/cli/flag.go:605.18,609.32 4 1
github.com/urfave/cli/flag.go:614.3,614.100 1 1
github.com/urfave/cli/flag.go:609.32,613.4 3 0
github.com/urfave/cli/flag.go:619.48,621.20 2 1
github.com/urfave/cli/flag.go:624.2,624.23 1 1
github.com/urfave/cli/flag.go:621.20,623.3 1 0
github.com/urfave/cli/flag.go:627.38,629.31 2 1
github.com/urfave/cli/flag.go:632.2,632.11 1 1
github.com/urfave/cli/flag.go:629.31,631.3 1 0
github.com/urfave/cli/flag.go:635.35,638.18 2 1
github.com/urfave/cli/flag.go:665.2,671.19 5 1
github.com/urfave/cli/flag.go:680.2,680.42 1 1
github.com/urfave/cli/flag.go:684.2,684.43 1 1
github.com/urfave/cli/flag.go:688.2,696.3 2 1
github.com/urfave/cli/flag.go:639.20,646.4 1 1
github.com/urfave/cli/flag.go:647.22,654.4 1 1
github.com/urfave/cli/flag.go:655.23,662.4 1 1
github.com/urfave/cli/flag.go:671.19,675.57 3 1
github.com/urfave/cli/flag.go:675.57,677.4 1 1
github.com/urfave/cli/flag.go:680.42,682.3 1 1
github.com/urfave/cli/flag.go:684.43,686.3 1 1
github.com/urfave/cli/flag.go:699.51,701.48 2 1
github.com/urfave/cli/flag.go:707.2,707.57 1 1
github.com/urfave/cli/flag.go:701.48,702.37 1 1
github.com/urfave/cli/flag.go:702.37,704.4 1 1
github.com/urfave/cli/flag.go:710.55,712.48 2 1
github.com/urfave/cli/flag.go:718.2,718.57 1 1
github.com/urfave/cli/flag.go:712.48,713.37 1 1
github.com/urfave/cli/flag.go:713.37,715.4 1 1
github.com/urfave/cli/flag.go:721.57,723.48 2 1
github.com/urfave/cli/flag.go:731.2,731.57 1 1
github.com/urfave/cli/flag.go:723.48,724.37 1 1
github.com/urfave/cli/flag.go:724.37,725.18 1 1
github.com/urfave/cli/flag.go:725.18,727.5 1 1
github.com/urfave/cli/flag.go:734.74,736.23 2 1
github.com/urfave/cli/flag.go:740.2,741.26 2 1
github.com/urfave/cli/flag.go:745.2,746.82 2 1
github.com/urfave/cli/flag.go:736.23,738.3 1 1
github.com/urfave/cli/flag.go:741.26,743.3 1 1
github.com/urfave/cli/flag.go:749.70,750.20 1 1
github.com/urfave/cli/flag.go:755.2,755.53 1 1
github.com/urfave/cli/flag.go:761.2,761.8 1 1
github.com/urfave/cli/flag.go:750.20,751.57 1 1
github.com/urfave/cli/flag.go:751.57,753.4 1 1
github.com/urfave/cli/flag.go:755.53,757.47 2 1
github.com/urfave/cli/flag.go:757.47,759.4 1 1
github.com/urfave/cli/flag_generated.go:23.35,25.2 1 1
github.com/urfave/cli/flag_generated.go:28.36,30.2 1 1
github.com/urfave/cli/flag_generated.go:34.42,36.2 1 1
github.com/urfave/cli/flag_generated.go:40.48,41.51 1 1
github.com/urfave/cli/flag_generated.go:44.2,44.14 1 1
github.com/urfave/cli/flag_generated.go:41.51,43.3 1 1
github.com/urfave/cli/flag_generated.go:47.54,49.14 2 1
github.com/urfave/cli/flag_generated.go:56.2,56.14 1 0
github.com/urfave/cli/flag_generated.go:49.14,51.17 2 1
github.com/urfave/cli/flag_generated.go:54.3,54.16 1 1
github.com/urfave/cli/flag_generated.go:51.17,53.4 1 0
github.com/urfave/cli/flag_generated.go:71.36,73.2 1 0
github.com/urfave/cli/flag_generated.go:76.37,78.2 1 1
github.com/urfave/cli/flag_generated.go:82.43,84.2 1 1
github.com/urfave/cli/flag_generated.go:88.49,89.51 1 1
github.com/urfave/cli/flag_generated.go:92.2,92.14 1 1
github.com/urfave/cli/flag_generated.go:89.51,91.3 1 1
github.com/urfave/cli/flag_generated.go:95.55,97.14 2 1
github.com/urfave/cli/flag_generated.go:104.2,104.14 1 0
github.com/urfave/cli/flag_generated.go:97.14,99.17 2 1
github.com/urfave/cli/flag_generated.go:102.3,102.16 1 1
github.com/urfave/cli/flag_generated.go:99.17,101.4 1 0
github.com/urfave/cli/flag_generated.go:120.39,122.2 1 1
github.com/urfave/cli/flag_generated.go:125.40,127.2 1 1
github.com/urfave/cli/flag_generated.go:131.55,133.2 1 1
github.com/urfave/cli/flag_generated.go:137.61,138.51 1 0
github.com/urfave/cli/flag_generated.go:141.2,141.10 1 0
github.com/urfave/cli/flag_generated.go:138.51,140.3 1 0
github.com/urfave/cli/flag_generated.go:144.67,146.14 2 1
github.com/urfave/cli/flag_generated.go:153.2,153.10 1 0
github.com/urfave/cli/flag_generated.go:146.14,148.17 2 1
github.com/urfave/cli/flag_generated.go:151.3,151.16 1 1
github.com/urfave/cli/flag_generated.go:148.17,150.4 1 0
github.com/urfave/cli/flag_generated.go:169.38,171.2 1 1
github.com/urfave/cli/flag_generated.go:174.39,176.2 1 1
github.com/urfave/cli/flag_generated.go:180.48,182.2 1 1
github.com/urfave/cli/flag_generated.go:186.54,187.51 1 1
github.com/urfave/cli/flag_generated.go:190.2,190.10 1 1
github.com/urfave/cli/flag_generated.go:187.51,189.3 1 1
github.com/urfave/cli/flag_generated.go:193.60,195.14 2 1
github.com/urfave/cli/flag_generated.go:202.2,202.10 1 0
github.com/urfave/cli/flag_generated.go:195.14,197.17 2 1
github.com/urfave/cli/flag_generated.go:200.3,200.16 1 1
github.com/urfave/cli/flag_generated.go:197.17,199.4 1 0
github.com/urfave/cli/flag_generated.go:217.38,219.2 1 1
github.com/urfave/cli/flag_generated.go:222.39,224.2 1 1
github.com/urfave/cli/flag_generated.go:228.52,230.2 1 1
github.com/urfave/cli/flag_generated.go:234.58,235.51 1 0
github.com/urfave/cli/flag_generated.go:238.2,238.12 1 0
github.com/urfave/cli/flag_generated.go:235.51,237.3 1 0
github.com/urfave/cli/flag_generated.go:241.64,243.14 2 1
github.com/urfave/cli/flag_generated.go:250.2,250.12 1 0
github.com/urfave/cli/flag_generated.go:243.14,245.17 2 1
github.com/urfave/cli/flag_generated.go:248.3,248.16 1 1
github.com/urfave/cli/flag_generated.go:245.17,247.4 1 0
github.com/urfave/cli/flag_generated.go:266.36,268.2 1 1
github.com/urfave/cli/flag_generated.go:271.37,273.2 1 1
github.com/urfave/cli/flag_generated.go:277.44,279.2 1 1
github.com/urfave/cli/flag_generated.go:283.50,284.51 1 1
github.com/urfave/cli/flag_generated.go:287.2,287.10 1 1
github.com/urfave/cli/flag_generated.go:284.51,286.3 1 1
github.com/urfave/cli/flag_generated.go:290.56,292.14 2 1
github.com/urfave/cli/flag_generated.go:299.2,299.10 1 0
github.com/urfave/cli/flag_generated.go:292.14,294.17 2 1
github.com/urfave/cli/flag_generated.go:297.3,297.16 1 1
github.com/urfave/cli/flag_generated.go:294.17,296.4 1 0
github.com/urfave/cli/flag_generated.go:315.34,317.2 1 1
github.com/urfave/cli/flag_generated.go:320.35,322.2 1 1
github.com/urfave/cli/flag_generated.go:326.40,328.2 1 1
github.com/urfave/cli/flag_generated.go:332.46,333.51 1 1
github.com/urfave/cli/flag_generated.go:336.2,336.10 1 1
github.com/urfave/cli/flag_generated.go:333.51,335.3 1 1
github.com/urfave/cli/flag_generated.go:339.52,341.14 2 1
github.com/urfave/cli/flag_generated.go:348.2,348.10 1 0
github.com/urfave/cli/flag_generated.go:341.14,343.17 2 1
github.com/urfave/cli/flag_generated.go:346.3,346.21 1 1
github.com/urfave/cli/flag_generated.go:343.17,345.4 1 0
github.com/urfave/cli/flag_generated.go:363.39,365.2 1 1
github.com/urfave/cli/flag_generated.go:368.40,370.2 1 1
github.com/urfave/cli/flag_generated.go:374.47,376.2 1 1
github.com/urfave/cli/flag_generated.go:380.53,381.51 1 0
github.com/urfave/cli/flag_generated.go:384.2,384.12 1 0
github.com/urfave/cli/flag_generated.go:381.51,383.3 1 0
github.com/urfave/cli/flag_generated.go:387.59,389.14 2 1
github.com/urfave/cli/flag_generated.go:396.2,396.12 1 0
github.com/urfave/cli/flag_generated.go:389.14,391.17 2 1
github.com/urfave/cli/flag_generated.go:394.3,394.16 1 1
github.com/urfave/cli/flag_generated.go:391.17,393.4 1 0
github.com/urfave/cli/flag_generated.go:411.41,413.2 1 1
github.com/urfave/cli/flag_generated.go:416.42,418.2 1 1
github.com/urfave/cli/flag_generated.go:422.51,424.2 1 1
github.com/urfave/cli/flag_generated.go:428.57,429.51 1 0
github.com/urfave/cli/flag_generated.go:432.2,432.12 1 0
github.com/urfave/cli/flag_generated.go:429.51,431.3 1 0
github.com/urfave/cli/flag_generated.go:435.63,437.14 2 1
github.com/urfave/cli/flag_generated.go:444.2,444.12 1 0
github.com/urfave/cli/flag_generated.go:437.14,439.17 2 1
github.com/urfave/cli/flag_generated.go:442.3,442.16 1 1
github.com/urfave/cli/flag_generated.go:439.17,441.4 1 0
github.com/urfave/cli/flag_generated.go:460.37,462.2 1 1
github.com/urfave/cli/flag_generated.go:465.38,467.2 1 1
github.com/urfave/cli/flag_generated.go:471.46,473.2 1 1
github.com/urfave/cli/flag_generated.go:477.52,478.51 1 1
github.com/urfave/cli/flag_generated.go:481.2,481.11 1 0
github.com/urfave/cli/flag_generated.go:478.51,480.3 1 1
github.com/urfave/cli/flag_generated.go:484.58,486.14 2 1
github.com/urfave/cli/flag_generated.go:493.2,493.11 1 1
github.com/urfave/cli/flag_generated.go:486.14,488.17 2 1
github.com/urfave/cli/flag_generated.go:491.3,491.16 1 1
github.com/urfave/cli/flag_generated.go:488.17,490.4 1 0
github.com/urfave/cli/flag_generated.go:508.42,510.2 1 1
github.com/urfave/cli/flag_generated.go:513.43,515.2 1 1
github.com/urfave/cli/flag_generated.go:519.53,521.2 1 1
github.com/urfave/cli/flag_generated.go:525.59,526.51 1 0
github.com/urfave/cli/flag_generated.go:529.2,529.12 1 0
github.com/urfave/cli/flag_generated.go:526.51,528.3 1 0
github.com/urfave/cli/flag_generated.go:532.65,534.14 2 1
github.com/urfave/cli/flag_generated.go:541.2,541.12 1 0
github.com/urfave/cli/flag_generated.go:534.14,536.17 2 1
github.com/urfave/cli/flag_generated.go:539.3,539.16 1 1
github.com/urfave/cli/flag_generated.go:536.17,538.4 1 0
github.com/urfave/cli/flag_generated.go:557.37,559.2 1 1
github.com/urfave/cli/flag_generated.go:562.38,564.2 1 1
github.com/urfave/cli/flag_generated.go:568.46,570.2 1 1
github.com/urfave/cli/flag_generated.go:574.52,575.51 1 1
github.com/urfave/cli/flag_generated.go:578.2,578.10 1 0
github.com/urfave/cli/flag_generated.go:575.51,577.3 1 1
github.com/urfave/cli/flag_generated.go:581.58,583.14 2 1
github.com/urfave/cli/flag_generated.go:590.2,590.10 1 0
github.com/urfave/cli/flag_generated.go:583.14,585.17 2 1
github.com/urfave/cli/flag_generated.go:588.3,588.16 1 1
github.com/urfave/cli/flag_generated.go:585.17,587.4 1 0
github.com/urfave/cli/flag_generated.go:606.35,608.2 1 1
github.com/urfave/cli/flag_generated.go:611.36,613.2 1 1
github.com/urfave/cli/flag_generated.go:617.42,619.2 1 1
github.com/urfave/cli/flag_generated.go:623.48,624.51 1 1
github.com/urfave/cli/flag_generated.go:627.2,627.10 1 0
github.com/urfave/cli/flag_generated.go:624.51,626.3 1 1
github.com/urfave/cli/flag_generated.go:630.54,632.14 2 1
github.com/urfave/cli/flag_generated.go:639.2,639.10 1 0
github.com/urfave/cli/flag_generated.go:632.14,634.17 2 1
github.com/urfave/cli/flag_generated.go:637.3,637.22 1 1
github.com/urfave/cli/flag_generated.go:634.17,636.4 1 0
