mode: set
github.com/cncd/pipeline/pipeline/frontend/yaml/compiler/script_posix.go:12.52,14.35 2 1
github.com/cncd/pipeline/pipeline/frontend/yaml/compiler/script_posix.go:23.2,27.58 2 1
github.com/cncd/pipeline/pipeline/frontend/yaml/compiler/script_posix.go:14.35,22.3 3 1
github.com/cncd/pipeline/pipeline/frontend/yaml/compiler/script_win.go:3.13,5.2 1 1
github.com/cncd/pipeline/pipeline/frontend/yaml/compiler/compiler.go:27.36,30.27 3 1
github.com/cncd/pipeline/pipeline/frontend/yaml/compiler/compiler.go:33.2,33.17 1 1
github.com/cncd/pipeline/pipeline/frontend/yaml/compiler/compiler.go:30.27,32.3 1 1
github.com/cncd/pipeline/pipeline/frontend/yaml/compiler/compiler.go:38.63,136.2 2 0
github.com/cncd/pipeline/pipeline/frontend/yaml/compiler/image.go:8.36,10.16 2 1
github.com/cncd/pipeline/pipeline/frontend/yaml/compiler/image.go:13.2,13.42 1 1
github.com/cncd/pipeline/pipeline/frontend/yaml/compiler/image.go:10.16,12.3 1 1
github.com/cncd/pipeline/pipeline/frontend/yaml/compiler/image.go:17.38,19.16 2 1
github.com/cncd/pipeline/pipeline/frontend/yaml/compiler/image.go:22.2,22.47 1 1
github.com/cncd/pipeline/pipeline/frontend/yaml/compiler/image.go:19.16,21.3 1 1
github.com/cncd/pipeline/pipeline/frontend/yaml/compiler/image.go:28.49,30.27 2 1
github.com/cncd/pipeline/pipeline/frontend/yaml/compiler/image.go:35.2,35.14 1 1
github.com/cncd/pipeline/pipeline/frontend/yaml/compiler/image.go:30.27,31.20 1 1
github.com/cncd/pipeline/pipeline/frontend/yaml/compiler/image.go:31.20,33.4 1 1
github.com/cncd/pipeline/pipeline/frontend/yaml/compiler/option.go:15.44,16.34 1 1
github.com/cncd/pipeline/pipeline/frontend/yaml/compiler/option.go:16.34,18.3 1 1
github.com/cncd/pipeline/pipeline/frontend/yaml/compiler/option.go:25.54,26.34 1 1
github.com/cncd/pipeline/pipeline/frontend/yaml/compiler/option.go:26.34,29.40 2 1
github.com/cncd/pipeline/pipeline/frontend/yaml/compiler/option.go:29.40,31.4 1 1
github.com/cncd/pipeline/pipeline/frontend/yaml/compiler/option.go:37.59,45.2 1 1
github.com/cncd/pipeline/pipeline/frontend/yaml/compiler/option.go:52.46,53.34 1 1
github.com/cncd/pipeline/pipeline/frontend/yaml/compiler/option.go:53.34,56.3 2 1
github.com/cncd/pipeline/pipeline/frontend/yaml/compiler/option.go:61.45,62.34 1 1
github.com/cncd/pipeline/pipeline/frontend/yaml/compiler/option.go:62.34,64.3 1 1
github.com/cncd/pipeline/pipeline/frontend/yaml/compiler/option.go:70.39,71.34 1 1
github.com/cncd/pipeline/pipeline/frontend/yaml/compiler/option.go:71.34,73.3 1 1
github.com/cncd/pipeline/pipeline/frontend/yaml/compiler/option.go:79.35,80.34 1 1
github.com/cncd/pipeline/pipeline/frontend/yaml/compiler/option.go:80.34,82.3 1 1
github.com/cncd/pipeline/pipeline/frontend/yaml/compiler/option.go:87.48,88.34 1 1
github.com/cncd/pipeline/pipeline/frontend/yaml/compiler/option.go:88.34,89.25 1 1
github.com/cncd/pipeline/pipeline/frontend/yaml/compiler/option.go:89.25,91.4 1 1
github.com/cncd/pipeline/pipeline/frontend/yaml/compiler/option.go:98.25,109.2 1 1
github.com/cncd/pipeline/pipeline/frontend/yaml/compiler/option.go:135.41,137.43 2 1
github.com/cncd/pipeline/pipeline/frontend/yaml/compiler/option.go:140.2,141.43 2 1
github.com/cncd/pipeline/pipeline/frontend/yaml/compiler/option.go:144.2,144.8 1 1
github.com/cncd/pipeline/pipeline/frontend/yaml/compiler/option.go:137.43,139.3 1 1
github.com/cncd/pipeline/pipeline/frontend/yaml/compiler/option.go:141.43,143.3 1 1
github.com/cncd/pipeline/pipeline/frontend/yaml/compiler/params.go:15.75,16.25 1 1
github.com/cncd/pipeline/pipeline/frontend/yaml/compiler/params.go:64.2,64.12 1 1
github.com/cncd/pipeline/pipeline/frontend/yaml/compiler/params.go:16.25,17.15 1 1
github.com/cncd/pipeline/pipeline/frontend/yaml/compiler/params.go:21.3,26.19 4 1
github.com/cncd/pipeline/pipeline/frontend/yaml/compiler/params.go:17.15,18.12 1 1
github.com/cncd/pipeline/pipeline/frontend/yaml/compiler/params.go:27.3,28.41 1 1
github.com/cncd/pipeline/pipeline/frontend/yaml/compiler/params.go:30.3,31.23 1 1
github.com/cncd/pipeline/pipeline/frontend/yaml/compiler/params.go:33.3,34.39 1 1
github.com/cncd/pipeline/pipeline/frontend/yaml/compiler/params.go:36.3,37.41 1 1
github.com/cncd/pipeline/pipeline/frontend/yaml/compiler/params.go:39.3,42.23 3 1
github.com/cncd/pipeline/pipeline/frontend/yaml/compiler/params.go:44.3,46.18 2 1
github.com/cncd/pipeline/pipeline/frontend/yaml/compiler/params.go:50.4,52.18 3 1
github.com/cncd/pipeline/pipeline/frontend/yaml/compiler/params.go:46.18,48.5 1 0
github.com/cncd/pipeline/pipeline/frontend/yaml/compiler/params.go:52.18,54.5 1 1
github.com/cncd/pipeline/pipeline/frontend/yaml/compiler/params.go:54.5,56.19 2 1
github.com/cncd/pipeline/pipeline/frontend/yaml/compiler/params.go:59.5,59.24 1 1
github.com/cncd/pipeline/pipeline/frontend/yaml/compiler/params.go:56.19,58.6 1 0
