mode: set
github.com/cncd/pipeline/pipeline/frontend/yaml/constraint.go:38.62,45.2 1 1
github.com/cncd/pipeline/pipeline/frontend/yaml/constraint.go:49.43,50.19 1 1
github.com/cncd/pipeline/pipeline/frontend/yaml/constraint.go:53.2,53.19 1 1
github.com/cncd/pipeline/pipeline/frontend/yaml/constraint.go:56.2,56.25 1 1
github.com/cncd/pipeline/pipeline/frontend/yaml/constraint.go:59.2,59.14 1 1
github.com/cncd/pipeline/pipeline/frontend/yaml/constraint.go:50.19,52.3 1 1
github.com/cncd/pipeline/pipeline/frontend/yaml/constraint.go:53.19,55.3 1 1
github.com/cncd/pipeline/pipeline/frontend/yaml/constraint.go:56.25,58.3 1 1
github.com/cncd/pipeline/pipeline/frontend/yaml/constraint.go:63.46,64.36 1 1
github.com/cncd/pipeline/pipeline/frontend/yaml/constraint.go:69.2,69.14 1 1
github.com/cncd/pipeline/pipeline/frontend/yaml/constraint.go:64.36,65.46 1 1
github.com/cncd/pipeline/pipeline/frontend/yaml/constraint.go:65.46,67.4 1 1
github.com/cncd/pipeline/pipeline/frontend/yaml/constraint.go:73.46,74.36 1 1
github.com/cncd/pipeline/pipeline/frontend/yaml/constraint.go:79.2,79.14 1 1
github.com/cncd/pipeline/pipeline/frontend/yaml/constraint.go:74.36,75.46 1 1
github.com/cncd/pipeline/pipeline/frontend/yaml/constraint.go:75.46,77.4 1 1
github.com/cncd/pipeline/pipeline/frontend/yaml/constraint.go:83.77,100.2 7 1
github.com/cncd/pipeline/pipeline/frontend/yaml/constraint.go:104.62,106.48 1 1
github.com/cncd/pipeline/pipeline/frontend/yaml/constraint.go:111.2,111.25 1 1
github.com/cncd/pipeline/pipeline/frontend/yaml/constraint.go:123.2,123.34 1 1
github.com/cncd/pipeline/pipeline/frontend/yaml/constraint.go:128.2,128.13 1 1
github.com/cncd/pipeline/pipeline/frontend/yaml/constraint.go:106.48,108.3 1 1
github.com/cncd/pipeline/pipeline/frontend/yaml/constraint.go:111.25,114.35 2 1
github.com/cncd/pipeline/pipeline/frontend/yaml/constraint.go:119.3,119.32 1 1
github.com/cncd/pipeline/pipeline/frontend/yaml/constraint.go:114.35,115.26 1 1
github.com/cncd/pipeline/pipeline/frontend/yaml/constraint.go:115.26,117.5 1 1
github.com/cncd/pipeline/pipeline/frontend/yaml/constraint.go:119.32,121.4 1 1
github.com/cncd/pipeline/pipeline/frontend/yaml/constraint.go:123.34,124.25 1 1
github.com/cncd/pipeline/pipeline/frontend/yaml/constraint.go:124.25,126.4 1 1
github.com/cncd/pipeline/pipeline/frontend/yaml/constraint.go:132.80,148.25 7 1
github.com/cncd/pipeline/pipeline/frontend/yaml/constraint.go:151.2,151.12 1 1
github.com/cncd/pipeline/pipeline/frontend/yaml/constraint.go:148.25,150.3 1 1
github.com/cncd/pipeline/pipeline/frontend/yaml/container.go:61.77,63.42 2 1
github.com/cncd/pipeline/pipeline/frontend/yaml/container.go:67.2,67.26 1 1
github.com/cncd/pipeline/pipeline/frontend/yaml/container.go:79.2,79.12 1 1
github.com/cncd/pipeline/pipeline/frontend/yaml/container.go:63.42,65.3 1 1
github.com/cncd/pipeline/pipeline/frontend/yaml/container.go:67.26,71.57 3 1
github.com/cncd/pipeline/pipeline/frontend/yaml/container.go:74.3,74.27 1 1
github.com/cncd/pipeline/pipeline/frontend/yaml/container.go:77.3,77.50 1 1
github.com/cncd/pipeline/pipeline/frontend/yaml/container.go:71.57,73.4 1 1
github.com/cncd/pipeline/pipeline/frontend/yaml/container.go:74.27,76.4 1 1
github.com/cncd/pipeline/pipeline/frontend/yaml/network.go:24.75,27.16 3 1
github.com/cncd/pipeline/pipeline/frontend/yaml/network.go:31.2,31.26 1 1
github.com/cncd/pipeline/pipeline/frontend/yaml/network.go:47.2,47.12 1 1
github.com/cncd/pipeline/pipeline/frontend/yaml/network.go:27.16,29.3 1 1
github.com/cncd/pipeline/pipeline/frontend/yaml/network.go:31.26,36.17 4 1
github.com/cncd/pipeline/pipeline/frontend/yaml/network.go:39.3,39.20 1 1
github.com/cncd/pipeline/pipeline/frontend/yaml/network.go:42.3,42.22 1 1
github.com/cncd/pipeline/pipeline/frontend/yaml/network.go:45.3,45.39 1 1
github.com/cncd/pipeline/pipeline/frontend/yaml/network.go:36.17,38.4 1 1
github.com/cncd/pipeline/pipeline/frontend/yaml/network.go:39.20,41.4 1 1
github.com/cncd/pipeline/pipeline/frontend/yaml/network.go:42.22,44.4 1 1
github.com/cncd/pipeline/pipeline/frontend/yaml/volume.go:24.74,27.16 3 1
github.com/cncd/pipeline/pipeline/frontend/yaml/volume.go:31.2,31.26 1 1
github.com/cncd/pipeline/pipeline/frontend/yaml/volume.go:47.2,47.12 1 1
github.com/cncd/pipeline/pipeline/frontend/yaml/volume.go:27.16,29.3 1 1
github.com/cncd/pipeline/pipeline/frontend/yaml/volume.go:31.26,36.17 4 1
github.com/cncd/pipeline/pipeline/frontend/yaml/volume.go:39.3,39.20 1 1
github.com/cncd/pipeline/pipeline/frontend/yaml/volume.go:42.3,42.22 1 1
github.com/cncd/pipeline/pipeline/frontend/yaml/volume.go:45.3,45.37 1 1
github.com/cncd/pipeline/pipeline/frontend/yaml/volume.go:36.17,38.4 1 1
github.com/cncd/pipeline/pipeline/frontend/yaml/volume.go:39.20,41.4 1 1
github.com/cncd/pipeline/pipeline/frontend/yaml/volume.go:42.22,44.4 1 1
github.com/cncd/pipeline/pipeline/frontend/yaml/config.go:34.42,36.16 2 0
github.com/cncd/pipeline/pipeline/frontend/yaml/config.go:39.2,39.24 1 0
github.com/cncd/pipeline/pipeline/frontend/yaml/config.go:36.16,38.3 1 0
github.com/cncd/pipeline/pipeline/frontend/yaml/config.go:43.44,46.16 3 0
github.com/cncd/pipeline/pipeline/frontend/yaml/config.go:50.2,50.17 1 0
github.com/cncd/pipeline/pipeline/frontend/yaml/config.go:46.16,48.3 1 0
github.com/cncd/pipeline/pipeline/frontend/yaml/config.go:54.45,58.2 1 0
github.com/cncd/pipeline/pipeline/frontend/yaml/config.go:61.43,63.16 2 0
github.com/cncd/pipeline/pipeline/frontend/yaml/config.go:66.2,67.17 2 0
github.com/cncd/pipeline/pipeline/frontend/yaml/config.go:63.16,65.3 1 0
