mode: set
github.com/cncd/pipeline/pipeline/frontend/yaml/linter/linter.go:15.34,17.27 2 1
github.com/cncd/pipeline/pipeline/frontend/yaml/linter/linter.go:20.2,20.15 1 1
github.com/cncd/pipeline/pipeline/frontend/yaml/linter/linter.go:17.27,19.3 1 1
github.com/cncd/pipeline/pipeline/frontend/yaml/linter/linter.go:24.45,29.39 4 1
github.com/cncd/pipeline/pipeline/frontend/yaml/linter/linter.go:45.2,45.37 1 1
github.com/cncd/pipeline/pipeline/frontend/yaml/linter/linter.go:48.2,48.12 1 1
github.com/cncd/pipeline/pipeline/frontend/yaml/linter/linter.go:29.39,30.48 1 1
github.com/cncd/pipeline/pipeline/frontend/yaml/linter/linter.go:33.3,33.25 1 1
github.com/cncd/pipeline/pipeline/frontend/yaml/linter/linter.go:38.3,38.36 1 1
github.com/cncd/pipeline/pipeline/frontend/yaml/linter/linter.go:30.48,32.4 1 1
github.com/cncd/pipeline/pipeline/frontend/yaml/linter/linter.go:33.25,34.51 1 1
github.com/cncd/pipeline/pipeline/frontend/yaml/linter/linter.go:34.51,36.5 1 1
github.com/cncd/pipeline/pipeline/frontend/yaml/linter/linter.go:38.36,39.54 1 1
github.com/cncd/pipeline/pipeline/frontend/yaml/linter/linter.go:39.54,41.5 1 1
github.com/cncd/pipeline/pipeline/frontend/yaml/linter/linter.go:45.37,47.3 1 1
github.com/cncd/pipeline/pipeline/frontend/yaml/linter/linter.go:51.53,52.23 1 1
github.com/cncd/pipeline/pipeline/frontend/yaml/linter/linter.go:55.2,55.12 1 1
github.com/cncd/pipeline/pipeline/frontend/yaml/linter/linter.go:52.23,54.3 1 1
github.com/cncd/pipeline/pipeline/frontend/yaml/linter/linter.go:58.58,59.28 1 1
github.com/cncd/pipeline/pipeline/frontend/yaml/linter/linter.go:62.2,62.25 1 1
github.com/cncd/pipeline/pipeline/frontend/yaml/linter/linter.go:65.2,65.12 1 1
github.com/cncd/pipeline/pipeline/frontend/yaml/linter/linter.go:59.28,61.3 1 1
github.com/cncd/pipeline/pipeline/frontend/yaml/linter/linter.go:62.25,64.3 1 1
github.com/cncd/pipeline/pipeline/frontend/yaml/linter/linter.go:68.55,69.18 1 1
github.com/cncd/pipeline/pipeline/frontend/yaml/linter/linter.go:72.2,72.20 1 1
github.com/cncd/pipeline/pipeline/frontend/yaml/linter/linter.go:75.2,75.21 1 1
github.com/cncd/pipeline/pipeline/frontend/yaml/linter/linter.go:78.2,78.27 1 1
github.com/cncd/pipeline/pipeline/frontend/yaml/linter/linter.go:81.2,81.25 1 1
github.com/cncd/pipeline/pipeline/frontend/yaml/linter/linter.go:84.2,84.28 1 1
github.com/cncd/pipeline/pipeline/frontend/yaml/linter/linter.go:87.2,87.29 1 1
github.com/cncd/pipeline/pipeline/frontend/yaml/linter/linter.go:90.2,90.65 1 1
github.com/cncd/pipeline/pipeline/frontend/yaml/linter/linter.go:93.2,93.61 1 1
github.com/cncd/pipeline/pipeline/frontend/yaml/linter/linter.go:96.2,96.12 1 1
github.com/cncd/pipeline/pipeline/frontend/yaml/linter/linter.go:69.18,71.3 1 1
github.com/cncd/pipeline/pipeline/frontend/yaml/linter/linter.go:72.20,74.3 1 1
github.com/cncd/pipeline/pipeline/frontend/yaml/linter/linter.go:75.21,77.3 1 1
github.com/cncd/pipeline/pipeline/frontend/yaml/linter/linter.go:78.27,80.3 1 1
github.com/cncd/pipeline/pipeline/frontend/yaml/linter/linter.go:81.25,83.3 1 1
github.com/cncd/pipeline/pipeline/frontend/yaml/linter/linter.go:84.28,86.3 1 1
github.com/cncd/pipeline/pipeline/frontend/yaml/linter/linter.go:87.29,89.3 1 1
github.com/cncd/pipeline/pipeline/frontend/yaml/linter/linter.go:90.65,92.3 1 1
github.com/cncd/pipeline/pipeline/frontend/yaml/linter/linter.go:93.61,95.3 1 1
github.com/cncd/pipeline/pipeline/frontend/yaml/linter/linter.go:99.40,101.2 1 1
github.com/cncd/pipeline/pipeline/frontend/yaml/linter/linter.go:103.39,105.2 1 1
github.com/cncd/pipeline/pipeline/frontend/yaml/linter/linter.go:107.39,109.2 1 1
github.com/cncd/pipeline/pipeline/frontend/yaml/linter/option.go:7.39,8.30 1 1
github.com/cncd/pipeline/pipeline/frontend/yaml/linter/option.go:8.30,10.3 1 1
